<?xml version="1.0" encoding="UTF-8"?>
<robot generator="Robot 4.1.3 (Python 3.9.7 on win32)" generated="20220111 16:35:19.410" rpa="false" schemaversion="2">
<suite id="s1" name="TC 001" source="C:\Users\ASUS\PycharmProjects\RobotTraining\ExcelIntegration\TestCases\TC_001.robot">
<test id="s1-t1" name="Open Browser and Navigate to Facebook Test Functionality">
<kw name="Open Browser and Navigate to Facebook" library="CustomKeywords">
<kw name="Open Browser" library="SeleniumLibrary">
<arg>${URL}</arg>
<arg>${Browser}</arg>
<doc>Opens a new browser instance to the optional ``url``.</doc>
<msg timestamp="20220111 16:35:19.798" level="INFO">Opening browser 'Chrome' to base url 'https://www.facebook.com'.</msg>
<status status="PASS" starttime="20220111 16:35:19.798" endtime="20220111 16:35:23.938"/>
</kw>
<kw name="Maximize Browser Window" library="SeleniumLibrary">
<doc>Maximizes current browser window.</doc>
<status status="PASS" starttime="20220111 16:35:23.938" endtime="20220111 16:35:24.066"/>
</kw>
<status status="PASS" starttime="20220111 16:35:19.798" endtime="20220111 16:35:24.066"/>
</kw>
<status status="PASS" starttime="20220111 16:35:19.797" endtime="20220111 16:35:24.067"/>
</test>
<test id="s1-t2" name="Get Number of Rows to Test">
<kw name="Read Number of Rows" library="CustomKeywords">
<var>${rows}</var>
<arg>${sheetname}</arg>
<kw name="Fetch Rows" library="ReadWriteData">
<var>${rows}</var>
<arg>${sheetname}</arg>
<msg timestamp="20220111 16:35:24.069" level="INFO">${rows} = 5</msg>
<status status="PASS" starttime="20220111 16:35:24.069" endtime="20220111 16:35:24.070"/>
</kw>
<msg timestamp="20220111 16:35:24.070" level="INFO">${rows} = 5</msg>
<status status="PASS" starttime="20220111 16:35:24.069" endtime="20220111 16:35:24.070"/>
</kw>
<kw name="Log To Console" library="BuiltIn">
<arg>${rows}</arg>
<doc>Logs the given message to the console.</doc>
<status status="PASS" starttime="20220111 16:35:24.070" endtime="20220111 16:35:24.070"/>
</kw>
<status status="PASS" starttime="20220111 16:35:24.067" endtime="20220111 16:35:24.070"/>
</test>
<test id="s1-t3" name="Input EmailId and Password">
<kw name="Read Id and Password" library="CustomKeywords">
<var>${email}</var>
<arg>${sheetname}</arg>
<arg>1</arg>
<arg>1</arg>
<kw name="Fetch Id Pwd" library="ReadWriteData">
<var>${celldata}</var>
<arg>${sheetname}</arg>
<arg>${row}</arg>
<arg>${col}</arg>
<msg timestamp="20220111 16:35:24.072" level="INFO">${celldata} = ravi12@gmail.com</msg>
<status status="PASS" starttime="20220111 16:35:24.072" endtime="20220111 16:35:24.072"/>
</kw>
<msg timestamp="20220111 16:35:24.072" level="INFO">${email} = ravi12@gmail.com</msg>
<status status="PASS" starttime="20220111 16:35:24.071" endtime="20220111 16:35:24.072"/>
</kw>
<kw name="Read Id and Password" library="CustomKeywords">
<var>${pwd}</var>
<arg>${sheetname}</arg>
<arg>1</arg>
<arg>2</arg>
<kw name="Fetch Id Pwd" library="ReadWriteData">
<var>${celldata}</var>
<arg>${sheetname}</arg>
<arg>${row}</arg>
<arg>${col}</arg>
<msg timestamp="20220111 16:35:24.073" level="INFO">${celldata} = 1234</msg>
<status status="PASS" starttime="20220111 16:35:24.072" endtime="20220111 16:35:24.073"/>
</kw>
<msg timestamp="20220111 16:35:24.073" level="INFO">${pwd} = 1234</msg>
<status status="PASS" starttime="20220111 16:35:24.072" endtime="20220111 16:35:24.073"/>
</kw>
<kw name="Input Text" library="SeleniumLibrary">
<arg>id:email</arg>
<arg>${email}</arg>
<doc>Types the given ``text`` into the text field identified by ``locator``.</doc>
<msg timestamp="20220111 16:35:24.073" level="INFO">Typing text 'ravi12@gmail.com' into text field 'id:email'.</msg>
<status status="PASS" starttime="20220111 16:35:24.073" endtime="20220111 16:35:24.123"/>
</kw>
<kw name="Input Password" library="SeleniumLibrary">
<arg>id:pass</arg>
<arg>${pwd}</arg>
<doc>Types the given password into the text field identified by ``locator``.</doc>
<msg timestamp="20220111 16:35:24.124" level="INFO">Typing password into text field 'id:pass'.</msg>
<msg timestamp="20220111 16:35:24.147" level="INFO">Temporally setting log level to: NONE</msg>
<msg timestamp="20220111 16:35:24.173" level="INFO">Log level changed from NONE to INFO.</msg>
<status status="PASS" starttime="20220111 16:35:24.123" endtime="20220111 16:35:24.173"/>
</kw>
<kw name="Click Button" library="SeleniumLibrary">
<arg>xpath://*[text()="Log In"]</arg>
<doc>Clicks the button identified by ``locator``.</doc>
<msg timestamp="20220111 16:35:24.174" level="INFO">Clicking button 'xpath://*[text()="Log In"]'.</msg>
<status status="PASS" starttime="20220111 16:35:24.174" endtime="20220111 16:35:24.223"/>
</kw>
<status status="PASS" starttime="20220111 16:35:24.071" endtime="20220111 16:35:24.223"/>
</test>
<status status="PASS" starttime="20220111 16:35:19.412" endtime="20220111 16:35:24.224"/>
</suite>
<statistics>
<total>
<stat pass="3" fail="0" skip="0">All Tests</stat>
</total>
<tag>
</tag>
<suite>
<stat pass="3" fail="0" skip="0" id="s1" name="TC 001">TC 001</stat>
</suite>
</statistics>
<errors>
</errors>
</robot>
