<?xml version="1.0" encoding="UTF-8"?>
<robot generator="Robot 4.1.3 (Python 3.9.7 on win32)" generated="20211220 16:46:56.362" rpa="false" schemaversion="2">
<suite id="s1" name="Demo 1" source="C:\Users\ASUS\PycharmProjects\RobotTraining\BasicCodes\demo_1.robot">
<test id="s1-t1" name="Using for loop in robot">
<for flavor="IN RANGE">
<var>${index}</var>
<value>1</value>
<value>10</value>
<iter>
<var name="${index}">1</var>
<kw name="Log" library="BuiltIn">
<arg>${index}</arg>
<doc>Logs the given message with the given level.</doc>
<msg timestamp="20211220 16:46:56.388" level="INFO">1</msg>
<status status="PASS" starttime="20211220 16:46:56.383" endtime="20211220 16:46:56.388"/>
</kw>
<status status="PASS" starttime="20211220 16:46:56.383" endtime="20211220 16:46:56.388"/>
</iter>
<iter>
<var name="${index}">2</var>
<kw name="Log" library="BuiltIn">
<arg>${index}</arg>
<doc>Logs the given message with the given level.</doc>
<msg timestamp="20211220 16:46:56.388" level="INFO">2</msg>
<status status="PASS" starttime="20211220 16:46:56.388" endtime="20211220 16:46:56.388"/>
</kw>
<status status="PASS" starttime="20211220 16:46:56.388" endtime="20211220 16:46:56.388"/>
</iter>
<iter>
<var name="${index}">3</var>
<kw name="Log" library="BuiltIn">
<arg>${index}</arg>
<doc>Logs the given message with the given level.</doc>
<msg timestamp="20211220 16:46:56.388" level="INFO">3</msg>
<status status="PASS" starttime="20211220 16:46:56.388" endtime="20211220 16:46:56.388"/>
</kw>
<status status="PASS" starttime="20211220 16:46:56.388" endtime="20211220 16:46:56.388"/>
</iter>
<iter>
<var name="${index}">4</var>
<kw name="Log" library="BuiltIn">
<arg>${index}</arg>
<doc>Logs the given message with the given level.</doc>
<msg timestamp="20211220 16:46:56.388" level="INFO">4</msg>
<status status="PASS" starttime="20211220 16:46:56.388" endtime="20211220 16:46:56.388"/>
</kw>
<status status="PASS" starttime="20211220 16:46:56.388" endtime="20211220 16:46:56.388"/>
</iter>
<iter>
<var name="${index}">5</var>
<kw name="Log" library="BuiltIn">
<arg>${index}</arg>
<doc>Logs the given message with the given level.</doc>
<msg timestamp="20211220 16:46:56.388" level="INFO">5</msg>
<status status="PASS" starttime="20211220 16:46:56.388" endtime="20211220 16:46:56.388"/>
</kw>
<status status="PASS" starttime="20211220 16:46:56.388" endtime="20211220 16:46:56.388"/>
</iter>
<iter>
<var name="${index}">6</var>
<kw name="Log" library="BuiltIn">
<arg>${index}</arg>
<doc>Logs the given message with the given level.</doc>
<msg timestamp="20211220 16:46:56.388" level="INFO">6</msg>
<status status="PASS" starttime="20211220 16:46:56.388" endtime="20211220 16:46:56.388"/>
</kw>
<status status="PASS" starttime="20211220 16:46:56.388" endtime="20211220 16:46:56.388"/>
</iter>
<iter>
<var name="${index}">7</var>
<kw name="Log" library="BuiltIn">
<arg>${index}</arg>
<doc>Logs the given message with the given level.</doc>
<msg timestamp="20211220 16:46:56.388" level="INFO">7</msg>
<status status="PASS" starttime="20211220 16:46:56.388" endtime="20211220 16:46:56.388"/>
</kw>
<status status="PASS" starttime="20211220 16:46:56.388" endtime="20211220 16:46:56.388"/>
</iter>
<iter>
<var name="${index}">8</var>
<kw name="Log" library="BuiltIn">
<arg>${index}</arg>
<doc>Logs the given message with the given level.</doc>
<msg timestamp="20211220 16:46:56.388" level="INFO">8</msg>
<status status="PASS" starttime="20211220 16:46:56.388" endtime="20211220 16:46:56.388"/>
</kw>
<status status="PASS" starttime="20211220 16:46:56.388" endtime="20211220 16:46:56.388"/>
</iter>
<iter>
<var name="${index}">9</var>
<kw name="Log" library="BuiltIn">
<arg>${index}</arg>
<doc>Logs the given message with the given level.</doc>
<msg timestamp="20211220 16:46:56.388" level="INFO">9</msg>
<status status="PASS" starttime="20211220 16:46:56.388" endtime="20211220 16:46:56.388"/>
</kw>
<status status="PASS" starttime="20211220 16:46:56.388" endtime="20211220 16:46:56.388"/>
</iter>
<status status="PASS" starttime="20211220 16:46:56.383" endtime="20211220 16:46:56.388"/>
</for>
<status status="PASS" starttime="20211220 16:46:56.383" endtime="20211220 16:46:56.388"/>
</test>
<doc>Welcome to Robot Framework</doc>
<status status="PASS" starttime="20211220 16:46:56.362" endtime="20211220 16:46:56.388"/>
</suite>
<statistics>
<total>
<stat pass="1" fail="0" skip="0">All Tests</stat>
</total>
<tag>
</tag>
<suite>
<stat pass="1" fail="0" skip="0" id="s1" name="Demo 1">Demo 1</stat>
</suite>
</statistics>
<errors>
</errors>
</robot>
