<?xml version="1.0" encoding="UTF-8"?>
<robot generator="Robot 4.1.3 (Python 3.9.7 on win32)" generated="20211222 16:41:46.350" rpa="false" schemaversion="2">
<suite id="s1" name="TC 1" source="C:\Users\ASUS\PycharmProjects\RobotTraining\BasicSeleniumTestBot\TC_1.robot">
<test id="s1-t1" name="Test Case to open browser">
<kw name="Open Browser" library="SeleniumLibrary">
<arg>${URL}</arg>
<arg>${BROWSER}</arg>
<doc>Opens a new browser instance to the optional ``url``.</doc>
<msg timestamp="20211222 16:41:46.516" level="INFO">Opening browser 'Chrome' to base url 'https://www.facebook.com'.</msg>
<status status="PASS" starttime="20211222 16:41:46.516" endtime="20211222 16:41:48.512"/>
</kw>
<kw name="Maximize Browser Window" library="SeleniumLibrary">
<doc>Maximizes current browser window.</doc>
<status status="PASS" starttime="20211222 16:41:48.512" endtime="20211222 16:41:48.638"/>
</kw>
<kw name="Enter EmailID and Password">
<kw name="Input Text" library="SeleniumLibrary">
<arg>name:email</arg>
<arg>ravi@gmail.com</arg>
<doc>Types the given ``text`` into the text field identified by ``locator``.</doc>
<msg timestamp="20211222 16:41:48.639" level="INFO">Typing text 'ravi@gmail.com' into text field 'name:email'.</msg>
<status status="PASS" starttime="20211222 16:41:48.639" endtime="20211222 16:41:48.694"/>
</kw>
<kw name="Input Password" library="SeleniumLibrary">
<arg>name:pass</arg>
<arg>1234</arg>
<doc>Types the given password into the text field identified by ``locator``.</doc>
<msg timestamp="20211222 16:41:48.695" level="INFO">Typing password into text field 'name:pass'.</msg>
<msg timestamp="20211222 16:41:48.720" level="INFO">Temporally setting log level to: NONE</msg>
<msg timestamp="20211222 16:41:48.748" level="INFO">Log level changed from NONE to INFO.</msg>
<status status="PASS" starttime="20211222 16:41:48.695" endtime="20211222 16:41:48.749"/>
</kw>
<kw name="Click Link" library="SeleniumLibrary">
<arg>xpath://a[text()='Create New Account']</arg>
<doc>Clicks a link identified by ``locator``.</doc>
<msg timestamp="20211222 16:41:48.749" level="INFO">Clicking link 'xpath://a[text()='Create New Account']'.</msg>
<status status="PASS" starttime="20211222 16:41:48.749" endtime="20211222 16:41:48.787"/>
</kw>
<status status="PASS" starttime="20211222 16:41:48.639" endtime="20211222 16:41:48.787"/>
</kw>
<status status="PASS" starttime="20211222 16:41:46.515" endtime="20211222 16:41:48.788"/>
</test>
<doc>How to open browser using selenium library</doc>
<status status="PASS" starttime="20211222 16:41:46.352" endtime="20211222 16:41:48.789"/>
</suite>
<statistics>
<total>
<stat pass="1" fail="0" skip="0">All Tests</stat>
</total>
<tag>
</tag>
<suite>
<stat pass="1" fail="0" skip="0" id="s1" name="TC 1">TC 1</stat>
</suite>
</statistics>
<errors>
</errors>
</robot>
