<?xml version="1.0" encoding="UTF-8"?>
<robot generator="Robot 4.1.3 (Python 3.9.7 on win32)" generated="20211228 15:35:27.544" rpa="true" schemaversion="2">
<suite id="s1" name="Loops" source="C:\Users\ASUS\PycharmProjects\RobotTraining\BasicSyntax\Loops.robot">
<test id="s1-t1" name="Loop with IF">
<for flavor="IN">
<var>${item}</var>
<value>@{Names}</value>
<iter>
<var name="${item}">Ram</var>
<kw name="Exit For Loop If" library="BuiltIn">
<arg>"${item}" == "Namit"</arg>
<doc>Stops executing the enclosing for loop if the ``condition`` is true.</doc>
<status status="PASS" starttime="20211228 15:35:27.562" endtime="20211228 15:35:27.562"/>
</kw>
<kw name="Log To Console" library="BuiltIn">
<arg>${item}</arg>
<doc>Logs the given message to the console.</doc>
<status status="PASS" starttime="20211228 15:35:27.562" endtime="20211228 15:35:27.563"/>
</kw>
<status status="PASS" starttime="20211228 15:35:27.562" endtime="20211228 15:35:27.563"/>
</iter>
<iter>
<var name="${item}">Shyam</var>
<kw name="Exit For Loop If" library="BuiltIn">
<arg>"${item}" == "Namit"</arg>
<doc>Stops executing the enclosing for loop if the ``condition`` is true.</doc>
<status status="PASS" starttime="20211228 15:35:27.563" endtime="20211228 15:35:27.563"/>
</kw>
<kw name="Log To Console" library="BuiltIn">
<arg>${item}</arg>
<doc>Logs the given message to the console.</doc>
<status status="PASS" starttime="20211228 15:35:27.563" endtime="20211228 15:35:27.563"/>
</kw>
<status status="PASS" starttime="20211228 15:35:27.563" endtime="20211228 15:35:27.563"/>
</iter>
<iter>
<var name="${item}">Namit</var>
<kw name="Exit For Loop If" library="BuiltIn">
<arg>"${item}" == "Namit"</arg>
<doc>Stops executing the enclosing for loop if the ``condition`` is true.</doc>
<msg timestamp="20211228 15:35:27.564" level="INFO">Exiting for loop altogether.</msg>
<status status="PASS" starttime="20211228 15:35:27.563" endtime="20211228 15:35:27.564"/>
</kw>
<status status="PASS" starttime="20211228 15:35:27.563" endtime="20211228 15:35:27.564"/>
</iter>
<status status="PASS" starttime="20211228 15:35:27.562" endtime="20211228 15:35:27.564"/>
</for>
<status status="PASS" starttime="20211228 15:35:27.561" endtime="20211228 15:35:27.564"/>
</test>
<doc>Suite description</doc>
<status status="PASS" starttime="20211228 15:35:27.546" endtime="20211228 15:35:27.565"/>
</suite>
<statistics>
<total>
<stat pass="1" fail="0" skip="0">All Tasks</stat>
</total>
<tag>
</tag>
<suite>
<stat pass="1" fail="0" skip="0" id="s1" name="Loops">Loops</stat>
</suite>
</statistics>
<errors>
</errors>
</robot>
