<?xml version="1.0" encoding="UTF-8"?>
<robot generator="Robot 4.1.3 (Python 3.9.7 on win32)" generated="20220111 15:22:21.675" rpa="false" schemaversion="2">
<suite id="s1" name="TestRB" source="C:\Users\ASUS\PycharmProjects\RobotTraining\PythonIntegration\TestRB.robot">
<test id="s1-t1" name="Testing Python Using Robot">
<kw name="Create Directory Using Python">
<kw name="Create Folder" library="CustomKeywords">
<var>${msg}</var>
<arg>${FolderName}</arg>
<msg timestamp="20220111 15:22:21.695" level="INFO">${msg} = Created Folder Successfully...</msg>
<status status="PASS" starttime="20220111 15:22:21.694" endtime="20220111 15:22:21.695"/>
</kw>
<kw name="Log To Console" library="BuiltIn">
<arg>${msg}</arg>
<doc>Logs the given message to the console.</doc>
<status status="PASS" starttime="20220111 15:22:21.695" endtime="20220111 15:22:21.695"/>
</kw>
<status status="PASS" starttime="20220111 15:22:21.694" endtime="20220111 15:22:21.695"/>
</kw>
<status status="PASS" starttime="20220111 15:22:21.693" endtime="20220111 15:22:21.695"/>
</test>
<doc>Suite description</doc>
<status status="PASS" starttime="20220111 15:22:21.677" endtime="20220111 15:22:21.696"/>
</suite>
<statistics>
<total>
<stat pass="1" fail="0" skip="0">All Tests</stat>
</total>
<tag>
</tag>
<suite>
<stat pass="1" fail="0" skip="0" id="s1" name="TestRB">TestRB</stat>
</suite>
</statistics>
<errors>
</errors>
</robot>
