<?xml version="1.0" encoding="UTF-8"?>
<robot generator="Robot 4.1.3 (Python 3.9.7 on win32)" generated="20220103 16:45:15.466" rpa="false" schemaversion="2">
<suite id="s1" name="Bot 1" source="C:\Users\ASUS\PycharmProjects\RobotTraining\OnlineShoppingTest\Bot_1.robot">
<test id="s1-t1" name="Validate Products">
<kw name="Open Browser and redirect to flipkart" type="SETUP">
<kw name="Open Browser" library="SeleniumLibrary">
<arg>${URL}</arg>
<arg>${BROWSER}</arg>
<doc>Opens a new browser instance to the optional ``url``.</doc>
<msg timestamp="20220103 16:45:15.725" level="INFO">Opening browser 'Chrome' to base url 'https://www.flipkart.com/search?q=iphone+12'.</msg>
<status status="PASS" starttime="20220103 16:45:15.725" endtime="20220103 16:45:19.555"/>
</kw>
<kw name="Maximize Browser Window" library="SeleniumLibrary">
<doc>Maximizes current browser window.</doc>
<status status="PASS" starttime="20220103 16:45:19.555" endtime="20220103 16:45:19.678"/>
</kw>
<status status="PASS" starttime="20220103 16:45:15.725" endtime="20220103 16:45:19.678"/>
</kw>
<kw name="Verify product titles on search page">
<kw name="Create List" library="BuiltIn">
<var>@{expectedResults}</var>
<arg>APPLE iPhone 12 (Black, 64 GB)</arg>
<arg>APPLE iPhone 12 (Blue, 128 GB)</arg>
<arg>APPLE iPhone 12 (Red, 128 GB)</arg>
<doc>Returns a list containing given items.</doc>
<msg timestamp="20220103 16:45:19.680" level="INFO">@{expectedResults} = [ APPLE iPhone 12 (Black, 64 GB) | APPLE iPhone 12 (Blue, 128 GB) | APPLE iPhone 12 (Red, 128 GB) ]</msg>
<status status="PASS" starttime="20220103 16:45:19.679" endtime="20220103 16:45:19.680"/>
</kw>
<kw name="Get WebElements" library="SeleniumLibrary">
<var>${elements}</var>
<arg>css:._4rR01T</arg>
<doc>Returns a list of WebElement objects matching the ``locator``.</doc>
<msg timestamp="20220103 16:45:19.698" level="INFO">${elements} = [&lt;selenium.webdriver.remote.webelement.WebElement (session="329fcd6f9ae46b16d9dfeb486ac7694f", element="bb52bb7e-850a-485e-8648-e66f483e38d2")&gt;, &lt;selenium.webdriver.remote.webelement.WebElement (sessi...</msg>
<status status="PASS" starttime="20220103 16:45:19.680" endtime="20220103 16:45:19.698"/>
</kw>
<kw name="Create List" library="BuiltIn">
<var>@{actualResults}</var>
<doc>Returns a list containing given items.</doc>
<msg timestamp="20220103 16:45:19.699" level="INFO">@{actualResults} = [ ]</msg>
<status status="PASS" starttime="20220103 16:45:19.699" endtime="20220103 16:45:19.699"/>
</kw>
<for flavor="IN">
<var>${element}</var>
<value>@{elements}</value>
<iter>
<var name="${element}">&lt;selenium.webdriver.remote.webelement.WebElement (session="329fcd6f9ae46b16d9dfeb486ac7694f", element="bb52bb7e-850a-485e-8648-e66f483e38d2")&gt;</var>
<kw name="Log" library="BuiltIn">
<arg>${element.text}</arg>
<doc>Logs the given message with the given level.</doc>
<msg timestamp="20220103 16:45:19.713" level="INFO">APPLE iPhone 12 (Black, 64 GB)</msg>
<status status="PASS" starttime="20220103 16:45:19.699" endtime="20220103 16:45:19.713"/>
</kw>
<kw name="Append To List" library="Collections">
<arg>${actualResults}</arg>
<arg>${element.text}</arg>
<doc>Adds ``values`` to the end of ``list``.</doc>
<status status="PASS" starttime="20220103 16:45:19.713" endtime="20220103 16:45:19.721"/>
</kw>
<status status="PASS" starttime="20220103 16:45:19.699" endtime="20220103 16:45:19.721"/>
</iter>
<iter>
<var name="${element}">&lt;selenium.webdriver.remote.webelement.WebElement (session="329fcd6f9ae46b16d9dfeb486ac7694f", element="63f2cdde-6663-42a7-b62f-8428896a6b79")&gt;</var>
<kw name="Log" library="BuiltIn">
<arg>${element.text}</arg>
<doc>Logs the given message with the given level.</doc>
<msg timestamp="20220103 16:45:19.733" level="INFO">APPLE iPhone 12 (Blue, 128 GB)</msg>
<status status="PASS" starttime="20220103 16:45:19.721" endtime="20220103 16:45:19.733"/>
</kw>
<kw name="Append To List" library="Collections">
<arg>${actualResults}</arg>
<arg>${element.text}</arg>
<doc>Adds ``values`` to the end of ``list``.</doc>
<status status="PASS" starttime="20220103 16:45:19.733" endtime="20220103 16:45:19.739"/>
</kw>
<status status="PASS" starttime="20220103 16:45:19.721" endtime="20220103 16:45:19.740"/>
</iter>
<iter>
<var name="${element}">&lt;selenium.webdriver.remote.webelement.WebElement (session="329fcd6f9ae46b16d9dfeb486ac7694f", element="cf6a9a0d-fd2c-41fb-8945-b9d1c85bfd1b")&gt;</var>
<kw name="Log" library="BuiltIn">
<arg>${element.text}</arg>
<doc>Logs the given message with the given level.</doc>
<msg timestamp="20220103 16:45:19.753" level="INFO">APPLE iPhone 12 (Red, 128 GB)</msg>
<status status="PASS" starttime="20220103 16:45:19.740" endtime="20220103 16:45:19.753"/>
</kw>
<kw name="Append To List" library="Collections">
<arg>${actualResults}</arg>
<arg>${element.text}</arg>
<doc>Adds ``values`` to the end of ``list``.</doc>
<status status="PASS" starttime="20220103 16:45:19.753" endtime="20220103 16:45:19.760"/>
</kw>
<status status="PASS" starttime="20220103 16:45:19.740" endtime="20220103 16:45:19.761"/>
</iter>
<iter>
<var name="${element}">&lt;selenium.webdriver.remote.webelement.WebElement (session="329fcd6f9ae46b16d9dfeb486ac7694f", element="4d5418b8-de43-4460-9320-b0285ad8f82d")&gt;</var>
<kw name="Log" library="BuiltIn">
<arg>${element.text}</arg>
<doc>Logs the given message with the given level.</doc>
<msg timestamp="20220103 16:45:19.773" level="INFO">APPLE iPhone 12 (Blue, 64 GB)</msg>
<status status="PASS" starttime="20220103 16:45:19.761" endtime="20220103 16:45:19.773"/>
</kw>
<kw name="Append To List" library="Collections">
<arg>${actualResults}</arg>
<arg>${element.text}</arg>
<doc>Adds ``values`` to the end of ``list``.</doc>
<status status="PASS" starttime="20220103 16:45:19.773" endtime="20220103 16:45:19.781"/>
</kw>
<status status="PASS" starttime="20220103 16:45:19.761" endtime="20220103 16:45:19.781"/>
</iter>
<iter>
<var name="${element}">&lt;selenium.webdriver.remote.webelement.WebElement (session="329fcd6f9ae46b16d9dfeb486ac7694f", element="97e540f1-35a1-42cc-bb45-97f9154ccece")&gt;</var>
<kw name="Log" library="BuiltIn">
<arg>${element.text}</arg>
<doc>Logs the given message with the given level.</doc>
<msg timestamp="20220103 16:45:19.794" level="INFO">APPLE iPhone 12 (Black, 128 GB)</msg>
<status status="PASS" starttime="20220103 16:45:19.781" endtime="20220103 16:45:19.794"/>
</kw>
<kw name="Append To List" library="Collections">
<arg>${actualResults}</arg>
<arg>${element.text}</arg>
<doc>Adds ``values`` to the end of ``list``.</doc>
<status status="PASS" starttime="20220103 16:45:19.794" endtime="20220103 16:45:19.802"/>
</kw>
<status status="PASS" starttime="20220103 16:45:19.781" endtime="20220103 16:45:19.802"/>
</iter>
<iter>
<var name="${element}">&lt;selenium.webdriver.remote.webelement.WebElement (session="329fcd6f9ae46b16d9dfeb486ac7694f", element="7a5e52d1-0276-454f-9dab-b52e44bcaf7b")&gt;</var>
<kw name="Log" library="BuiltIn">
<arg>${element.text}</arg>
<doc>Logs the given message with the given level.</doc>
<msg timestamp="20220103 16:45:19.813" level="INFO">APPLE iPhone 12 (Green, 64 GB)</msg>
<status status="PASS" starttime="20220103 16:45:19.802" endtime="20220103 16:45:19.813"/>
</kw>
<kw name="Append To List" library="Collections">
<arg>${actualResults}</arg>
<arg>${element.text}</arg>
<doc>Adds ``values`` to the end of ``list``.</doc>
<status status="PASS" starttime="20220103 16:45:19.813" endtime="20220103 16:45:19.822"/>
</kw>
<status status="PASS" starttime="20220103 16:45:19.802" endtime="20220103 16:45:19.822"/>
</iter>
<iter>
<var name="${element}">&lt;selenium.webdriver.remote.webelement.WebElement (session="329fcd6f9ae46b16d9dfeb486ac7694f", element="cd3c68ba-0aeb-4878-929a-a891221092e0")&gt;</var>
<kw name="Log" library="BuiltIn">
<arg>${element.text}</arg>
<doc>Logs the given message with the given level.</doc>
<msg timestamp="20220103 16:45:19.835" level="INFO">APPLE iPhone 12 (White, 64 GB)</msg>
<status status="PASS" starttime="20220103 16:45:19.822" endtime="20220103 16:45:19.835"/>
</kw>
<kw name="Append To List" library="Collections">
<arg>${actualResults}</arg>
<arg>${element.text}</arg>
<doc>Adds ``values`` to the end of ``list``.</doc>
<status status="PASS" starttime="20220103 16:45:19.835" endtime="20220103 16:45:19.842"/>
</kw>
<status status="PASS" starttime="20220103 16:45:19.822" endtime="20220103 16:45:19.842"/>
</iter>
<iter>
<var name="${element}">&lt;selenium.webdriver.remote.webelement.WebElement (session="329fcd6f9ae46b16d9dfeb486ac7694f", element="4e94c96a-003b-42cd-a16b-f284b4b9b8e5")&gt;</var>
<kw name="Log" library="BuiltIn">
<arg>${element.text}</arg>
<doc>Logs the given message with the given level.</doc>
<msg timestamp="20220103 16:45:19.853" level="INFO">APPLE iPhone 12 (Purple, 64 GB)</msg>
<status status="PASS" starttime="20220103 16:45:19.842" endtime="20220103 16:45:19.853"/>
</kw>
<kw name="Append To List" library="Collections">
<arg>${actualResults}</arg>
<arg>${element.text}</arg>
<doc>Adds ``values`` to the end of ``list``.</doc>
<status status="PASS" starttime="20220103 16:45:19.854" endtime="20220103 16:45:19.863"/>
</kw>
<status status="PASS" starttime="20220103 16:45:19.842" endtime="20220103 16:45:19.863"/>
</iter>
<iter>
<var name="${element}">&lt;selenium.webdriver.remote.webelement.WebElement (session="329fcd6f9ae46b16d9dfeb486ac7694f", element="9daf2722-6ccd-4cbf-9b07-aa6186f32d3b")&gt;</var>
<kw name="Log" library="BuiltIn">
<arg>${element.text}</arg>
<doc>Logs the given message with the given level.</doc>
<msg timestamp="20220103 16:45:19.875" level="INFO">APPLE iPhone 12 (Green, 128 GB)</msg>
<status status="PASS" starttime="20220103 16:45:19.864" endtime="20220103 16:45:19.875"/>
</kw>
<kw name="Append To List" library="Collections">
<arg>${actualResults}</arg>
<arg>${element.text}</arg>
<doc>Adds ``values`` to the end of ``list``.</doc>
<status status="PASS" starttime="20220103 16:45:19.875" endtime="20220103 16:45:19.882"/>
</kw>
<status status="PASS" starttime="20220103 16:45:19.863" endtime="20220103 16:45:19.882"/>
</iter>
<iter>
<var name="${element}">&lt;selenium.webdriver.remote.webelement.WebElement (session="329fcd6f9ae46b16d9dfeb486ac7694f", element="c0644b42-ebc9-4d64-bf06-da792e8aab91")&gt;</var>
<kw name="Log" library="BuiltIn">
<arg>${element.text}</arg>
<doc>Logs the given message with the given level.</doc>
<msg timestamp="20220103 16:45:19.893" level="INFO">APPLE iPhone 12 (White, 256 GB)</msg>
<status status="PASS" starttime="20220103 16:45:19.882" endtime="20220103 16:45:19.894"/>
</kw>
<kw name="Append To List" library="Collections">
<arg>${actualResults}</arg>
<arg>${element.text}</arg>
<doc>Adds ``values`` to the end of ``list``.</doc>
<status status="PASS" starttime="20220103 16:45:19.894" endtime="20220103 16:45:19.901"/>
</kw>
<status status="PASS" starttime="20220103 16:45:19.882" endtime="20220103 16:45:19.901"/>
</iter>
<iter>
<var name="${element}">&lt;selenium.webdriver.remote.webelement.WebElement (session="329fcd6f9ae46b16d9dfeb486ac7694f", element="a2a921fd-4c4c-442c-813c-aef2ad1c711b")&gt;</var>
<kw name="Log" library="BuiltIn">
<arg>${element.text}</arg>
<doc>Logs the given message with the given level.</doc>
<msg timestamp="20220103 16:45:19.914" level="INFO">APPLE iPhone 12 (Purple, 256 GB)</msg>
<status status="PASS" starttime="20220103 16:45:19.902" endtime="20220103 16:45:19.914"/>
</kw>
<kw name="Append To List" library="Collections">
<arg>${actualResults}</arg>
<arg>${element.text}</arg>
<doc>Adds ``values`` to the end of ``list``.</doc>
<status status="PASS" starttime="20220103 16:45:19.914" endtime="20220103 16:45:19.921"/>
</kw>
<status status="PASS" starttime="20220103 16:45:19.901" endtime="20220103 16:45:19.921"/>
</iter>
<iter>
<var name="${element}">&lt;selenium.webdriver.remote.webelement.WebElement (session="329fcd6f9ae46b16d9dfeb486ac7694f", element="2db5706b-d013-40a7-8259-dd18a868022f")&gt;</var>
<kw name="Log" library="BuiltIn">
<arg>${element.text}</arg>
<doc>Logs the given message with the given level.</doc>
<msg timestamp="20220103 16:45:19.933" level="INFO">APPLE iPhone 12 (Red, 256 GB)</msg>
<status status="PASS" starttime="20220103 16:45:19.921" endtime="20220103 16:45:19.933"/>
</kw>
<kw name="Append To List" library="Collections">
<arg>${actualResults}</arg>
<arg>${element.text}</arg>
<doc>Adds ``values`` to the end of ``list``.</doc>
<status status="PASS" starttime="20220103 16:45:19.933" endtime="20220103 16:45:19.939"/>
</kw>
<status status="PASS" starttime="20220103 16:45:19.921" endtime="20220103 16:45:19.939"/>
</iter>
<iter>
<var name="${element}">&lt;selenium.webdriver.remote.webelement.WebElement (session="329fcd6f9ae46b16d9dfeb486ac7694f", element="cc40467a-cfb6-4236-a8ff-3e7f0073167e")&gt;</var>
<kw name="Log" library="BuiltIn">
<arg>${element.text}</arg>
<doc>Logs the given message with the given level.</doc>
<msg timestamp="20220103 16:45:19.952" level="INFO">APPLE iPhone SE (Black, 64 GB)</msg>
<status status="PASS" starttime="20220103 16:45:19.940" endtime="20220103 16:45:19.952"/>
</kw>
<kw name="Append To List" library="Collections">
<arg>${actualResults}</arg>
<arg>${element.text}</arg>
<doc>Adds ``values`` to the end of ``list``.</doc>
<status status="PASS" starttime="20220103 16:45:19.952" endtime="20220103 16:45:19.959"/>
</kw>
<status status="PASS" starttime="20220103 16:45:19.940" endtime="20220103 16:45:19.959"/>
</iter>
<iter>
<var name="${element}">&lt;selenium.webdriver.remote.webelement.WebElement (session="329fcd6f9ae46b16d9dfeb486ac7694f", element="5bead302-4e1d-4393-84bc-497ccdec277e")&gt;</var>
<kw name="Log" library="BuiltIn">
<arg>${element.text}</arg>
<doc>Logs the given message with the given level.</doc>
<msg timestamp="20220103 16:45:19.973" level="INFO">APPLE iPhone 12 (Green, 256 GB)</msg>
<status status="PASS" starttime="20220103 16:45:19.959" endtime="20220103 16:45:19.973"/>
</kw>
<kw name="Append To List" library="Collections">
<arg>${actualResults}</arg>
<arg>${element.text}</arg>
<doc>Adds ``values`` to the end of ``list``.</doc>
<status status="PASS" starttime="20220103 16:45:19.973" endtime="20220103 16:45:19.980"/>
</kw>
<status status="PASS" starttime="20220103 16:45:19.959" endtime="20220103 16:45:19.980"/>
</iter>
<iter>
<var name="${element}">&lt;selenium.webdriver.remote.webelement.WebElement (session="329fcd6f9ae46b16d9dfeb486ac7694f", element="26801441-db80-4cb7-84ac-642958d8c861")&gt;</var>
<kw name="Log" library="BuiltIn">
<arg>${element.text}</arg>
<doc>Logs the given message with the given level.</doc>
<msg timestamp="20220103 16:45:19.992" level="INFO">APPLE iPhone 12 Mini (White, 256 GB)</msg>
<status status="PASS" starttime="20220103 16:45:19.980" endtime="20220103 16:45:19.992"/>
</kw>
<kw name="Append To List" library="Collections">
<arg>${actualResults}</arg>
<arg>${element.text}</arg>
<doc>Adds ``values`` to the end of ``list``.</doc>
<status status="PASS" starttime="20220103 16:45:19.993" endtime="20220103 16:45:20.000"/>
</kw>
<status status="PASS" starttime="20220103 16:45:19.980" endtime="20220103 16:45:20.001"/>
</iter>
<iter>
<var name="${element}">&lt;selenium.webdriver.remote.webelement.WebElement (session="329fcd6f9ae46b16d9dfeb486ac7694f", element="fc406719-bd06-4ba5-b792-8654bc61ea77")&gt;</var>
<kw name="Log" library="BuiltIn">
<arg>${element.text}</arg>
<doc>Logs the given message with the given level.</doc>
<msg timestamp="20220103 16:45:20.012" level="INFO">APPLE iPhone 12 Mini (Black, 256 GB)</msg>
<status status="PASS" starttime="20220103 16:45:20.001" endtime="20220103 16:45:20.012"/>
</kw>
<kw name="Append To List" library="Collections">
<arg>${actualResults}</arg>
<arg>${element.text}</arg>
<doc>Adds ``values`` to the end of ``list``.</doc>
<status status="PASS" starttime="20220103 16:45:20.012" endtime="20220103 16:45:20.019"/>
</kw>
<status status="PASS" starttime="20220103 16:45:20.001" endtime="20220103 16:45:20.019"/>
</iter>
<iter>
<var name="${element}">&lt;selenium.webdriver.remote.webelement.WebElement (session="329fcd6f9ae46b16d9dfeb486ac7694f", element="341f51f6-726a-44b3-bb6a-4c9e546e995d")&gt;</var>
<kw name="Log" library="BuiltIn">
<arg>${element.text}</arg>
<doc>Logs the given message with the given level.</doc>
<msg timestamp="20220103 16:45:20.032" level="INFO">APPLE iPhone 12 Mini (Purple, 256 GB)</msg>
<status status="PASS" starttime="20220103 16:45:20.020" endtime="20220103 16:45:20.032"/>
</kw>
<kw name="Append To List" library="Collections">
<arg>${actualResults}</arg>
<arg>${element.text}</arg>
<doc>Adds ``values`` to the end of ``list``.</doc>
<status status="PASS" starttime="20220103 16:45:20.032" endtime="20220103 16:45:20.039"/>
</kw>
<status status="PASS" starttime="20220103 16:45:20.019" endtime="20220103 16:45:20.039"/>
</iter>
<iter>
<var name="${element}">&lt;selenium.webdriver.remote.webelement.WebElement (session="329fcd6f9ae46b16d9dfeb486ac7694f", element="7d5b8cac-ad43-4192-a4dd-237eb8f68151")&gt;</var>
<kw name="Log" library="BuiltIn">
<arg>${element.text}</arg>
<doc>Logs the given message with the given level.</doc>
<msg timestamp="20220103 16:45:20.052" level="INFO">APPLE iPhone 12 Mini (Green, 256 GB)</msg>
<status status="PASS" starttime="20220103 16:45:20.039" endtime="20220103 16:45:20.052"/>
</kw>
<kw name="Append To List" library="Collections">
<arg>${actualResults}</arg>
<arg>${element.text}</arg>
<doc>Adds ``values`` to the end of ``list``.</doc>
<status status="PASS" starttime="20220103 16:45:20.052" endtime="20220103 16:45:20.059"/>
</kw>
<status status="PASS" starttime="20220103 16:45:20.039" endtime="20220103 16:45:20.060"/>
</iter>
<iter>
<var name="${element}">&lt;selenium.webdriver.remote.webelement.WebElement (session="329fcd6f9ae46b16d9dfeb486ac7694f", element="bb95aa9d-057c-4872-95e1-1ce1877c1afa")&gt;</var>
<kw name="Log" library="BuiltIn">
<arg>${element.text}</arg>
<doc>Logs the given message with the given level.</doc>
<msg timestamp="20220103 16:45:20.073" level="INFO">APPLE iPhone 12 Mini (Red, 256 GB)</msg>
<status status="PASS" starttime="20220103 16:45:20.060" endtime="20220103 16:45:20.073"/>
</kw>
<kw name="Append To List" library="Collections">
<arg>${actualResults}</arg>
<arg>${element.text}</arg>
<doc>Adds ``values`` to the end of ``list``.</doc>
<status status="PASS" starttime="20220103 16:45:20.073" endtime="20220103 16:45:20.080"/>
</kw>
<status status="PASS" starttime="20220103 16:45:20.060" endtime="20220103 16:45:20.080"/>
</iter>
<iter>
<var name="${element}">&lt;selenium.webdriver.remote.webelement.WebElement (session="329fcd6f9ae46b16d9dfeb486ac7694f", element="dcb385ed-cf13-4607-a82b-327a8c6fcbc6")&gt;</var>
<kw name="Log" library="BuiltIn">
<arg>${element.text}</arg>
<doc>Logs the given message with the given level.</doc>
<msg timestamp="20220103 16:45:20.092" level="INFO">APPLE iPhone 12 Pro Max (Gold, 512 GB)</msg>
<status status="PASS" starttime="20220103 16:45:20.081" endtime="20220103 16:45:20.092"/>
</kw>
<kw name="Append To List" library="Collections">
<arg>${actualResults}</arg>
<arg>${element.text}</arg>
<doc>Adds ``values`` to the end of ``list``.</doc>
<status status="PASS" starttime="20220103 16:45:20.093" endtime="20220103 16:45:20.101"/>
</kw>
<status status="PASS" starttime="20220103 16:45:20.080" endtime="20220103 16:45:20.101"/>
</iter>
<iter>
<var name="${element}">&lt;selenium.webdriver.remote.webelement.WebElement (session="329fcd6f9ae46b16d9dfeb486ac7694f", element="fb212d04-a9f6-441d-86a2-ccb24b9d0e8b")&gt;</var>
<kw name="Log" library="BuiltIn">
<arg>${element.text}</arg>
<doc>Logs the given message with the given level.</doc>
<msg timestamp="20220103 16:45:20.112" level="INFO">APPLE iPhone 12 Pro (Graphite, 128 GB)</msg>
<status status="PASS" starttime="20220103 16:45:20.101" endtime="20220103 16:45:20.113"/>
</kw>
<kw name="Append To List" library="Collections">
<arg>${actualResults}</arg>
<arg>${element.text}</arg>
<doc>Adds ``values`` to the end of ``list``.</doc>
<status status="PASS" starttime="20220103 16:45:20.113" endtime="20220103 16:45:20.120"/>
</kw>
<status status="PASS" starttime="20220103 16:45:20.101" endtime="20220103 16:45:20.120"/>
</iter>
<iter>
<var name="${element}">&lt;selenium.webdriver.remote.webelement.WebElement (session="329fcd6f9ae46b16d9dfeb486ac7694f", element="d0b2ee8a-e79f-4d3e-b2e0-131d2f9e09f9")&gt;</var>
<kw name="Log" library="BuiltIn">
<arg>${element.text}</arg>
<doc>Logs the given message with the given level.</doc>
<msg timestamp="20220103 16:45:20.132" level="INFO">APPLE iPhone 12 Pro (Silver, 256 GB)</msg>
<status status="PASS" starttime="20220103 16:45:20.120" endtime="20220103 16:45:20.132"/>
</kw>
<kw name="Append To List" library="Collections">
<arg>${actualResults}</arg>
<arg>${element.text}</arg>
<doc>Adds ``values`` to the end of ``list``.</doc>
<status status="PASS" starttime="20220103 16:45:20.132" endtime="20220103 16:45:20.139"/>
</kw>
<status status="PASS" starttime="20220103 16:45:20.120" endtime="20220103 16:45:20.139"/>
</iter>
<iter>
<var name="${element}">&lt;selenium.webdriver.remote.webelement.WebElement (session="329fcd6f9ae46b16d9dfeb486ac7694f", element="23f84347-1f87-41e5-8080-5dd943d3dc31")&gt;</var>
<kw name="Log" library="BuiltIn">
<arg>${element.text}</arg>
<doc>Logs the given message with the given level.</doc>
<msg timestamp="20220103 16:45:20.151" level="INFO">APPLE iPhone 12 Pro Max (Pacific Blue, 256 GB)</msg>
<status status="PASS" starttime="20220103 16:45:20.139" endtime="20220103 16:45:20.151"/>
</kw>
<kw name="Append To List" library="Collections">
<arg>${actualResults}</arg>
<arg>${element.text}</arg>
<doc>Adds ``values`` to the end of ``list``.</doc>
<status status="PASS" starttime="20220103 16:45:20.152" endtime="20220103 16:45:20.159"/>
</kw>
<status status="PASS" starttime="20220103 16:45:20.139" endtime="20220103 16:45:20.159"/>
</iter>
<iter>
<var name="${element}">&lt;selenium.webdriver.remote.webelement.WebElement (session="329fcd6f9ae46b16d9dfeb486ac7694f", element="ccc1efa7-e06f-44b3-a09b-f4036d4db58e")&gt;</var>
<kw name="Log" library="BuiltIn">
<arg>${element.text}</arg>
<doc>Logs the given message with the given level.</doc>
<msg timestamp="20220103 16:45:20.171" level="INFO">APPLE iPhone 12 Pro Max (Gold, 256 GB)</msg>
<status status="PASS" starttime="20220103 16:45:20.159" endtime="20220103 16:45:20.171"/>
</kw>
<kw name="Append To List" library="Collections">
<arg>${actualResults}</arg>
<arg>${element.text}</arg>
<doc>Adds ``values`` to the end of ``list``.</doc>
<status status="PASS" starttime="20220103 16:45:20.172" endtime="20220103 16:45:20.178"/>
</kw>
<status status="PASS" starttime="20220103 16:45:20.159" endtime="20220103 16:45:20.178"/>
</iter>
<status status="PASS" starttime="20220103 16:45:19.699" endtime="20220103 16:45:20.178"/>
</for>
<kw name="Lists Should Be Equal" library="Collections">
<arg>${expectedResults}</arg>
<arg>${actualResults}</arg>
<doc>Fails if given lists are unequal.</doc>
<msg timestamp="20220103 16:45:20.180" level="FAIL">Lengths are different: 3 != 24</msg>
<status status="FAIL" starttime="20220103 16:45:20.179" endtime="20220103 16:45:20.180"/>
</kw>
<status status="FAIL" starttime="20220103 16:45:19.679" endtime="20220103 16:45:20.180"/>
</kw>
<status status="FAIL" starttime="20220103 16:45:15.724" endtime="20220103 16:45:20.181">Lengths are different: 3 != 24</status>
</test>
<doc>Testing Online Shopping App</doc>
<status status="FAIL" starttime="20220103 16:45:15.469" endtime="20220103 16:45:20.183"/>
</suite>
<statistics>
<total>
<stat pass="0" fail="1" skip="0">All Tests</stat>
</total>
<tag>
</tag>
<suite>
<stat pass="0" fail="1" skip="0" id="s1" name="Bot 1">Bot 1</stat>
</suite>
</statistics>
<errors>
</errors>
</robot>
