<?xml version="1.0" encoding="UTF-8"?>
<robot generator="Robot 4.1.3 (Python 3.9.7 on win32)" generated="20220107 16:35:44.925" rpa="false" schemaversion="2">
<suite id="s1" name="Bot 1" source="C:\Users\ASUS\PycharmProjects\RobotTraining\OnlineShoppingTest\Bot_1.robot">
<test id="s1-t1" name="Validate Products">
<kw name="Open Browser and redirect to flipkart" type="SETUP">
<kw name="Open Browser" library="SeleniumLibrary">
<arg>${URL}</arg>
<arg>${BROWSER}</arg>
<doc>Opens a new browser instance to the optional ``url``.</doc>
<msg timestamp="20220107 16:35:45.191" level="INFO">Opening browser 'Chrome' to base url 'https://www.flipkart.com/search?q=mi+tv'.</msg>
<status status="PASS" starttime="20220107 16:35:45.190" endtime="20220107 16:35:48.764"/>
</kw>
<kw name="Maximize Browser Window" library="SeleniumLibrary">
<doc>Maximizes current browser window.</doc>
<status status="PASS" starttime="20220107 16:35:48.764" endtime="20220107 16:35:48.885"/>
</kw>
<status status="PASS" starttime="20220107 16:35:45.190" endtime="20220107 16:35:48.886"/>
</kw>
<kw name="Select the product">
<arg>${ProductName}</arg>
<kw name="Get WebElements" library="SeleniumLibrary">
<var>${elements}</var>
<arg>css:._4rR01T</arg>
<doc>Returns a list of WebElement objects matching the ``locator``.</doc>
<msg timestamp="20220107 16:35:48.908" level="INFO">${elements} = [&lt;selenium.webdriver.remote.webelement.WebElement (session="32f2454e129780dc2c632765b9d9d2ba", element="dab1f002-a367-4f24-9e6d-9f55d5b13307")&gt;, &lt;selenium.webdriver.remote.webelement.WebElement (sessi...</msg>
<status status="PASS" starttime="20220107 16:35:48.887" endtime="20220107 16:35:48.908"/>
</kw>
<kw name="Set Variable" library="BuiltIn">
<var>${index}</var>
<arg>1</arg>
<doc>Returns the given values which can then be assigned to a variables.</doc>
<msg timestamp="20220107 16:35:48.909" level="INFO">${index} = 1</msg>
<status status="PASS" starttime="20220107 16:35:48.909" endtime="20220107 16:35:48.909"/>
</kw>
<for flavor="IN">
<var>${element}</var>
<value>@{elements}</value>
<iter>
<var name="${element}">&lt;selenium.webdriver.remote.webelement.WebElement (session="32f2454e129780dc2c632765b9d9d2ba", element="dab1f002-a367-4f24-9e6d-9f55d5b13307")&gt;</var>
<kw name="Exit For Loop If" library="BuiltIn">
<arg>'${p_name}' == '${element.text}'</arg>
<doc>Stops executing the enclosing for loop if the ``condition`` is true.</doc>
<status status="PASS" starttime="20220107 16:35:48.910" endtime="20220107 16:35:48.924"/>
</kw>
<kw name="Evaluate" library="BuiltIn">
<var>${index}</var>
<arg>${index} + 1</arg>
<doc>Evaluates the given expression in Python and returns the result.</doc>
<msg timestamp="20220107 16:35:48.925" level="INFO">${index} = 2</msg>
<status status="PASS" starttime="20220107 16:35:48.924" endtime="20220107 16:35:48.925"/>
</kw>
<status status="PASS" starttime="20220107 16:35:48.909" endtime="20220107 16:35:48.925"/>
</iter>
<iter>
<var name="${element}">&lt;selenium.webdriver.remote.webelement.WebElement (session="32f2454e129780dc2c632765b9d9d2ba", element="2d841a0c-e8e0-4ad4-a5e9-f43153887bfc")&gt;</var>
<kw name="Exit For Loop If" library="BuiltIn">
<arg>'${p_name}' == '${element.text}'</arg>
<doc>Stops executing the enclosing for loop if the ``condition`` is true.</doc>
<status status="PASS" starttime="20220107 16:35:48.925" endtime="20220107 16:35:48.939"/>
</kw>
<kw name="Evaluate" library="BuiltIn">
<var>${index}</var>
<arg>${index} + 1</arg>
<doc>Evaluates the given expression in Python and returns the result.</doc>
<msg timestamp="20220107 16:35:48.939" level="INFO">${index} = 3</msg>
<status status="PASS" starttime="20220107 16:35:48.939" endtime="20220107 16:35:48.939"/>
</kw>
<status status="PASS" starttime="20220107 16:35:48.925" endtime="20220107 16:35:48.939"/>
</iter>
<iter>
<var name="${element}">&lt;selenium.webdriver.remote.webelement.WebElement (session="32f2454e129780dc2c632765b9d9d2ba", element="71866557-01cc-4558-9b54-f2e63174492c")&gt;</var>
<kw name="Exit For Loop If" library="BuiltIn">
<arg>'${p_name}' == '${element.text}'</arg>
<doc>Stops executing the enclosing for loop if the ``condition`` is true.</doc>
<status status="PASS" starttime="20220107 16:35:48.940" endtime="20220107 16:35:48.952"/>
</kw>
<kw name="Evaluate" library="BuiltIn">
<var>${index}</var>
<arg>${index} + 1</arg>
<doc>Evaluates the given expression in Python and returns the result.</doc>
<msg timestamp="20220107 16:35:48.953" level="INFO">${index} = 4</msg>
<status status="PASS" starttime="20220107 16:35:48.952" endtime="20220107 16:35:48.953"/>
</kw>
<status status="PASS" starttime="20220107 16:35:48.940" endtime="20220107 16:35:48.953"/>
</iter>
<iter>
<var name="${element}">&lt;selenium.webdriver.remote.webelement.WebElement (session="32f2454e129780dc2c632765b9d9d2ba", element="456cc5f4-4534-4caa-a05c-3edd68b44c15")&gt;</var>
<kw name="Exit For Loop If" library="BuiltIn">
<arg>'${p_name}' == '${element.text}'</arg>
<doc>Stops executing the enclosing for loop if the ``condition`` is true.</doc>
<status status="PASS" starttime="20220107 16:35:48.953" endtime="20220107 16:35:48.966"/>
</kw>
<kw name="Evaluate" library="BuiltIn">
<var>${index}</var>
<arg>${index} + 1</arg>
<doc>Evaluates the given expression in Python and returns the result.</doc>
<msg timestamp="20220107 16:35:48.967" level="INFO">${index} = 5</msg>
<status status="PASS" starttime="20220107 16:35:48.966" endtime="20220107 16:35:48.967"/>
</kw>
<status status="PASS" starttime="20220107 16:35:48.953" endtime="20220107 16:35:48.967"/>
</iter>
<iter>
<var name="${element}">&lt;selenium.webdriver.remote.webelement.WebElement (session="32f2454e129780dc2c632765b9d9d2ba", element="a91291d0-8236-4c57-875a-536df283155e")&gt;</var>
<kw name="Exit For Loop If" library="BuiltIn">
<arg>'${p_name}' == '${element.text}'</arg>
<doc>Stops executing the enclosing for loop if the ``condition`` is true.</doc>
<status status="PASS" starttime="20220107 16:35:48.967" endtime="20220107 16:35:48.981"/>
</kw>
<kw name="Evaluate" library="BuiltIn">
<var>${index}</var>
<arg>${index} + 1</arg>
<doc>Evaluates the given expression in Python and returns the result.</doc>
<msg timestamp="20220107 16:35:48.981" level="INFO">${index} = 6</msg>
<status status="PASS" starttime="20220107 16:35:48.981" endtime="20220107 16:35:48.981"/>
</kw>
<status status="PASS" starttime="20220107 16:35:48.967" endtime="20220107 16:35:48.982"/>
</iter>
<iter>
<var name="${element}">&lt;selenium.webdriver.remote.webelement.WebElement (session="32f2454e129780dc2c632765b9d9d2ba", element="a8b23cf2-e4d0-4247-a599-7422f15566ff")&gt;</var>
<kw name="Exit For Loop If" library="BuiltIn">
<arg>'${p_name}' == '${element.text}'</arg>
<doc>Stops executing the enclosing for loop if the ``condition`` is true.</doc>
<status status="PASS" starttime="20220107 16:35:48.982" endtime="20220107 16:35:48.996"/>
</kw>
<kw name="Evaluate" library="BuiltIn">
<var>${index}</var>
<arg>${index} + 1</arg>
<doc>Evaluates the given expression in Python and returns the result.</doc>
<msg timestamp="20220107 16:35:48.997" level="INFO">${index} = 7</msg>
<status status="PASS" starttime="20220107 16:35:48.996" endtime="20220107 16:35:48.997"/>
</kw>
<status status="PASS" starttime="20220107 16:35:48.982" endtime="20220107 16:35:48.997"/>
</iter>
<iter>
<var name="${element}">&lt;selenium.webdriver.remote.webelement.WebElement (session="32f2454e129780dc2c632765b9d9d2ba", element="4397adf7-6d7d-410d-9efd-9ff99490b0bd")&gt;</var>
<kw name="Exit For Loop If" library="BuiltIn">
<arg>'${p_name}' == '${element.text}'</arg>
<doc>Stops executing the enclosing for loop if the ``condition`` is true.</doc>
<status status="PASS" starttime="20220107 16:35:48.997" endtime="20220107 16:35:49.011"/>
</kw>
<kw name="Evaluate" library="BuiltIn">
<var>${index}</var>
<arg>${index} + 1</arg>
<doc>Evaluates the given expression in Python and returns the result.</doc>
<msg timestamp="20220107 16:35:49.012" level="INFO">${index} = 8</msg>
<status status="PASS" starttime="20220107 16:35:49.011" endtime="20220107 16:35:49.012"/>
</kw>
<status status="PASS" starttime="20220107 16:35:48.997" endtime="20220107 16:35:49.012"/>
</iter>
<iter>
<var name="${element}">&lt;selenium.webdriver.remote.webelement.WebElement (session="32f2454e129780dc2c632765b9d9d2ba", element="91089c83-3a1c-46fb-a071-5db30cad5b15")&gt;</var>
<kw name="Exit For Loop If" library="BuiltIn">
<arg>'${p_name}' == '${element.text}'</arg>
<doc>Stops executing the enclosing for loop if the ``condition`` is true.</doc>
<status status="PASS" starttime="20220107 16:35:49.012" endtime="20220107 16:35:49.027"/>
</kw>
<kw name="Evaluate" library="BuiltIn">
<var>${index}</var>
<arg>${index} + 1</arg>
<doc>Evaluates the given expression in Python and returns the result.</doc>
<msg timestamp="20220107 16:35:49.027" level="INFO">${index} = 9</msg>
<status status="PASS" starttime="20220107 16:35:49.027" endtime="20220107 16:35:49.028"/>
</kw>
<status status="PASS" starttime="20220107 16:35:49.012" endtime="20220107 16:35:49.028"/>
</iter>
<iter>
<var name="${element}">&lt;selenium.webdriver.remote.webelement.WebElement (session="32f2454e129780dc2c632765b9d9d2ba", element="23fbe49f-f3a2-48a5-9bd8-3f23a1abd739")&gt;</var>
<kw name="Exit For Loop If" library="BuiltIn">
<arg>'${p_name}' == '${element.text}'</arg>
<doc>Stops executing the enclosing for loop if the ``condition`` is true.</doc>
<status status="PASS" starttime="20220107 16:35:49.028" endtime="20220107 16:35:49.042"/>
</kw>
<kw name="Evaluate" library="BuiltIn">
<var>${index}</var>
<arg>${index} + 1</arg>
<doc>Evaluates the given expression in Python and returns the result.</doc>
<msg timestamp="20220107 16:35:49.042" level="INFO">${index} = 10</msg>
<status status="PASS" starttime="20220107 16:35:49.042" endtime="20220107 16:35:49.043"/>
</kw>
<status status="PASS" starttime="20220107 16:35:49.028" endtime="20220107 16:35:49.043"/>
</iter>
<iter>
<var name="${element}">&lt;selenium.webdriver.remote.webelement.WebElement (session="32f2454e129780dc2c632765b9d9d2ba", element="f70f13dd-ec7c-4656-b7c2-82a75b17d504")&gt;</var>
<kw name="Exit For Loop If" library="BuiltIn">
<arg>'${p_name}' == '${element.text}'</arg>
<doc>Stops executing the enclosing for loop if the ``condition`` is true.</doc>
<status status="PASS" starttime="20220107 16:35:49.043" endtime="20220107 16:35:49.057"/>
</kw>
<kw name="Evaluate" library="BuiltIn">
<var>${index}</var>
<arg>${index} + 1</arg>
<doc>Evaluates the given expression in Python and returns the result.</doc>
<msg timestamp="20220107 16:35:49.058" level="INFO">${index} = 11</msg>
<status status="PASS" starttime="20220107 16:35:49.057" endtime="20220107 16:35:49.058"/>
</kw>
<status status="PASS" starttime="20220107 16:35:49.043" endtime="20220107 16:35:49.058"/>
</iter>
<iter>
<var name="${element}">&lt;selenium.webdriver.remote.webelement.WebElement (session="32f2454e129780dc2c632765b9d9d2ba", element="5ca129de-b3d0-42f0-9c83-def811e54f0f")&gt;</var>
<kw name="Exit For Loop If" library="BuiltIn">
<arg>'${p_name}' == '${element.text}'</arg>
<doc>Stops executing the enclosing for loop if the ``condition`` is true.</doc>
<msg timestamp="20220107 16:35:49.072" level="INFO">Exiting for loop altogether.</msg>
<status status="PASS" starttime="20220107 16:35:49.058" endtime="20220107 16:35:49.073"/>
</kw>
<status status="PASS" starttime="20220107 16:35:49.058" endtime="20220107 16:35:49.073"/>
</iter>
<status status="PASS" starttime="20220107 16:35:48.909" endtime="20220107 16:35:49.073"/>
</for>
<kw name="Click Link" library="SeleniumLibrary">
<arg>xpath:(//*[@class='_1fQZEK'])[${index}]</arg>
<doc>Clicks a link identified by ``locator``.</doc>
<msg timestamp="20220107 16:35:49.074" level="INFO">Clicking link 'xpath:(//*[@class='_1fQZEK'])[11]'.</msg>
<status status="PASS" starttime="20220107 16:35:49.073" endtime="20220107 16:35:49.191"/>
</kw>
<kw name="Get Window Handles" library="SeleniumLibrary">
<var>${handles}</var>
<doc>Returns all child window handles of the selected browser as a list.</doc>
<msg timestamp="20220107 16:35:49.195" level="INFO">${handles} = ['CDwindow-01902C430ABD133B9B8BF6A1E1BC49A2', 'CDwindow-5326C9C91EFAD4A6CFC496A2B403E11E']</msg>
<status status="PASS" starttime="20220107 16:35:49.191" endtime="20220107 16:35:49.195"/>
</kw>
<kw name="Switch Window" library="SeleniumLibrary">
<arg>${handles}[1]</arg>
<doc>Switches to browser window matching ``locator``.</doc>
<status status="PASS" starttime="20220107 16:35:49.195" endtime="20220107 16:35:49.261"/>
</kw>
<kw name="Click Button" library="SeleniumLibrary">
<arg>xpath:(//*[@class ='_2KpZ6l _2U9uOA _3v1-ww'])</arg>
<doc>Clicks the button identified by ``locator``.</doc>
<msg timestamp="20220107 16:35:49.261" level="INFO">Clicking button 'xpath:(//*[@class ='_2KpZ6l _2U9uOA _3v1-ww'])'.</msg>
<status status="PASS" starttime="20220107 16:35:49.261" endtime="20220107 16:35:50.967"/>
</kw>
<status status="PASS" starttime="20220107 16:35:48.886" endtime="20220107 16:35:50.967"/>
</kw>
<status status="PASS" starttime="20220107 16:35:45.189" endtime="20220107 16:35:50.968"/>
</test>
<doc>Testing Online Shopping App</doc>
<status status="PASS" starttime="20220107 16:35:44.927" endtime="20220107 16:35:50.970"/>
</suite>
<statistics>
<total>
<stat pass="1" fail="0" skip="0">All Tests</stat>
</total>
<tag>
</tag>
<suite>
<stat pass="1" fail="0" skip="0" id="s1" name="Bot 1">Bot 1</stat>
</suite>
</statistics>
<errors>
</errors>
</robot>
