<?xml version="1.0" encoding="UTF-8"?>
<robot generator="Robot 4.1.3 (Python 3.9.7 on win32)" generated="20220125 16:45:45.673" rpa="false" schemaversion="2">
<suite id="s1" name="TC 001" source="C:\Users\ASUS\PycharmProjects\RobotTraining\CaptchaTest\TC_001.robot">
<test id="s1-t1" name="Test Captcha">
<kw name="Open Browser and Navigate">
<kw name="Open Browser" library="Selenium2Library">
<arg>${URL}</arg>
<arg>${BROWSER}</arg>
<doc>Opens a new browser instance to the optional ``url``.</doc>
<msg timestamp="20220125 16:45:45.945" level="INFO">Opening browser 'Chrome' to base url 'https://haveibeenpwned.com/PwnedWebsites'.</msg>
<status status="PASS" starttime="20220125 16:45:45.945" endtime="20220125 16:45:48.650"/>
</kw>
<kw name="Maximize Browser Window" library="Selenium2Library">
<doc>Maximizes current browser window.</doc>
<status status="PASS" starttime="20220125 16:45:48.650" endtime="20220125 16:45:48.942"/>
</kw>
<status status="PASS" starttime="20220125 16:45:45.945" endtime="20220125 16:45:48.942"/>
</kw>
<kw name="Open Notify">
<kw name="Click Link" library="Selenium2Library">
<arg>class:notifyOfPwning</arg>
<doc>Clicks a link identified by ``locator``.</doc>
<msg timestamp="20220125 16:45:48.943" level="INFO">Clicking link 'class:notifyOfPwning'.</msg>
<status status="PASS" starttime="20220125 16:45:48.943" endtime="20220125 16:45:48.996"/>
</kw>
<status status="PASS" starttime="20220125 16:45:48.943" endtime="20220125 16:45:48.996"/>
</kw>
<kw name="Input Email and Test Captcha">
<kw name="Wait Until Element Is Visible" library="Selenium2Library">
<arg>id:NotifyEmail</arg>
<arg>3</arg>
<arg>seconds</arg>
<doc>Waits until the element ``locator`` is visible.</doc>
<status status="PASS" starttime="20220125 16:45:48.997" endtime="20220125 16:45:49.445"/>
</kw>
<kw name="Input Text" library="Selenium2Library">
<arg>id:NotifyEmail</arg>
<arg>${MY_EMAIL}</arg>
<doc>Types the given ``text`` into the text field identified by ``locator``.</doc>
<msg timestamp="20220125 16:45:49.445" level="INFO">Typing text 'ravi.py4all@gmail.com' into text field 'id:NotifyEmail'.</msg>
<status status="PASS" starttime="20220125 16:45:49.445" endtime="20220125 16:45:49.516"/>
</kw>
<kw name="Wait Until Element Is Visible" library="Selenium2Library">
<arg>xpath://*[@id="notifyMeForm"]/div[2]/div/div/div/iframe</arg>
<arg>3</arg>
<arg>seconds</arg>
<doc>Waits until the element ``locator`` is visible.</doc>
<status status="PASS" starttime="20220125 16:45:49.516" endtime="20220125 16:45:49.531"/>
</kw>
<kw name="Select Frame" library="Selenium2Library">
<arg>xpath://*[@id="notifyMeForm"]/div[2]/div/div/div/iframe</arg>
<doc>Sets frame identified by ``locator`` as the current frame.</doc>
<msg timestamp="20220125 16:45:49.532" level="INFO">Selecting frame 'xpath://*[@id="notifyMeForm"]/div[2]/div/div/div/iframe'.</msg>
<status status="PASS" starttime="20220125 16:45:49.532" endtime="20220125 16:45:49.602"/>
</kw>
<kw name="Click Element" library="Selenium2Library">
<arg>xpath://*[@id="recaptcha-anchor"]</arg>
<doc>Click the element identified by ``locator``.</doc>
<msg timestamp="20220125 16:45:49.602" level="INFO">Clicking element 'xpath://*[@id="recaptcha-anchor"]'.</msg>
<status status="PASS" starttime="20220125 16:45:49.602" endtime="20220125 16:45:49.693"/>
</kw>
<kw name="Pause Execution" library="Dialogs">
<doc>Pauses test execution until user clicks ``Ok`` button.</doc>
<status status="PASS" starttime="20220125 16:45:49.694" endtime="20220125 16:48:27.775"/>
</kw>
<kw name="Unselect Frame" library="Selenium2Library">
<doc>Sets the main frame as the current frame.</doc>
<kw name="Capture Page Screenshot" library="Selenium2Library">
<doc>Takes a screenshot of the current page and embeds it into a log file.</doc>
<status status="FAIL" starttime="20220125 16:48:30.720" endtime="20220125 16:48:30.720"/>
</kw>
<msg timestamp="20220125 16:48:30.720" level="WARN">Keyword 'Capture Page Screenshot' could not be run on failure: Execution terminated by signal</msg>
<status status="FAIL" starttime="20220125 16:48:27.776" endtime="20220125 16:48:30.721"/>
</kw>
<kw name="Click Button" library="Selenium2Library">
<arg>class:btn</arg>
<doc>Clicks the button identified by ``locator``.</doc>
<status status="NOT RUN" starttime="20220125 16:48:30.721" endtime="20220125 16:48:30.721"/>
</kw>
<status status="FAIL" starttime="20220125 16:45:48.997" endtime="20220125 16:48:30.721"/>
</kw>
<status status="FAIL" starttime="20220125 16:45:45.944" endtime="20220125 16:48:30.723">Execution terminated by signal</status>
</test>
<doc>Suite description</doc>
<status status="FAIL" starttime="20220125 16:45:45.674" endtime="20220125 16:48:30.724"/>
</suite>
<statistics>
<total>
<stat pass="0" fail="1" skip="0">All Tests</stat>
</total>
<tag>
</tag>
<suite>
<stat pass="0" fail="1" skip="0" id="s1" name="TC 001">TC 001</stat>
</suite>
</statistics>
<errors>
<msg timestamp="20220125 16:48:30.720" level="WARN">Keyword 'Capture Page Screenshot' could not be run on failure: Execution terminated by signal</msg>
</errors>
</robot>
